ERROR - 2026-06-19 00:42:47 --> Table 'kategori' already exists
in SYSTEMPATH\Database\MySQLi\Connection.php on line 300.
 1 SYSTEMPATH\Database\MySQLi\Connection.php(300): mysqli->query('CREATE TABLE `kategori` (
	`id` INT NOT NULL AUTO_INCREMENT,
	`nama_kategori` VARCHAR(100) NOT NULL,
	`created_at` DATETIME NULL,
	`updated_at` DATETIME NULL,
	CONSTRAINT `pk_kategori` PRIMARY KEY(`id`)
) DEFAULT CHARACTER SET = utf8mb4 COLLATE = utf8mb4_general_ci', 0)
 2 SYSTEMPATH\Database\BaseConnection.php(908): CodeIgniter\Database\MySQLi\Connection->execute('CREATE TABLE `kategori` (
	`id` INT NOT NULL AUTO_INCREMENT,
	`nama_kategori` VARCHAR(100) NOT NULL,
	`created_at` DATETIME NULL,
	`updated_at` DATETIME NULL,
	CONSTRAINT `pk_kategori` PRIMARY KEY(`id`)
) DEFAULT CHARACTER SET = utf8mb4 COLLATE = utf8mb4_general_ci')
 3 SYSTEMPATH\Database\BaseConnection.php(825): CodeIgniter\Database\BaseConnection->simpleQuery('CREATE TABLE `kategori` (
	`id` INT NOT NULL AUTO_INCREMENT,
	`nama_kategori` VARCHAR(100) NOT NULL,
	`created_at` DATETIME NULL,
	`updated_at` DATETIME NULL,
	CONSTRAINT `pk_kategori` PRIMARY KEY(`id`)
) DEFAULT CHARACTER SET = utf8mb4 COLLATE = utf8mb4_general_ci')
 4 SYSTEMPATH\Database\Forge.php(570): CodeIgniter\Database\BaseConnection->query('CREATE TABLE `kategori` (
	`id` INT NOT NULL AUTO_INCREMENT,
	`nama_kategori` VARCHAR(100) NOT NULL,
	`created_at` DATETIME NULL,
	`updated_at` DATETIME NULL,
	CONSTRAINT `pk_kategori` PRIMARY KEY(`id`)
) DEFAULT CHARACTER SET = utf8mb4 COLLATE = utf8mb4_general_ci')
 5 APPPATH\Database\Migrations\2026-06-19-003936_CreateTableKategori.php(18): CodeIgniter\Database\Forge->createTable('kategori')
 6 SYSTEMPATH\Database\MigrationRunner.php(1014): App\Database\Migrations\CreateTableKategori->up()
 7 SYSTEMPATH\Database\MigrationRunner.php(202): CodeIgniter\Database\MigrationRunner->migrate('up', Object(stdClass))
 8 SYSTEMPATH\Commands\Database\Migrate.php(89): CodeIgniter\Database\MigrationRunner->latest(null)
 9 SYSTEMPATH\CLI\SignalTrait.php(245): CodeIgniter\Commands\Database\Migrate::CodeIgniter\Commands\Database\{closure}()
10 SYSTEMPATH\Commands\Database\Migrate.php(88): CodeIgniter\Commands\Database\Migrate->withSignalsBlocked(Object(Closure))
11 SYSTEMPATH\CLI\Commands.php(72): CodeIgniter\Commands\Database\Migrate->run([])
12 SYSTEMPATH\CLI\Console.php(47): CodeIgniter\CLI\Commands->run('migrate', [])
13 SYSTEMPATH\Boot.php(442): CodeIgniter\CLI\Console->run()
14 SYSTEMPATH\Boot.php(166): CodeIgniter\Boot::runCommand(Object(CodeIgniter\CLI\Console))
15 ROOTPATH\spark(87): CodeIgniter\Boot::bootSpark(Object(Config\Paths))
ERROR - 2026-06-19 00:43:22 --> Duplicate entry 'admin' for key 'username'
in SYSTEMPATH\Database\MySQLi\Connection.php on line 300.
 1 SYSTEMPATH\Database\MySQLi\Connection.php(300): mysqli->query('INSERT INTO `users` (`username`, `password`, `created_at`) VALUES (\'admin\', \'$2y$10$c5kZKJh1Pqonu0h52mnJeOjUFOloBmQxh/Tq4jZnzIGIPvEQUW.UW\', \'2026-06-19 00:43:22\')', 0)
 2 SYSTEMPATH\Database\BaseConnection.php(908): CodeIgniter\Database\MySQLi\Connection->execute('INSERT INTO `users` (`username`, `password`, `created_at`) VALUES (\'admin\', \'$2y$10$c5kZKJh1Pqonu0h52mnJeOjUFOloBmQxh/Tq4jZnzIGIPvEQUW.UW\', \'2026-06-19 00:43:22\')')
 3 SYSTEMPATH\Database\BaseConnection.php(825): CodeIgniter\Database\BaseConnection->simpleQuery('INSERT INTO `users` (`username`, `password`, `created_at`) VALUES (\'admin\', \'$2y$10$c5kZKJh1Pqonu0h52mnJeOjUFOloBmQxh/Tq4jZnzIGIPvEQUW.UW\', \'2026-06-19 00:43:22\')')
 4 SYSTEMPATH\Database\BaseBuilder.php(2343): CodeIgniter\Database\BaseConnection->query('INSERT INTO `users` (`username`, `password`, `created_at`) VALUES (:username:, :password:, :created_at:)', [...], false)
 5 APPPATH\Database\Seeds\UserSeeder.php(11): CodeIgniter\Database\BaseBuilder->insert([...])
 6 SYSTEMPATH\Database\Seeder.php(155): App\Database\Seeds\UserSeeder->run()
 7 SYSTEMPATH\Commands\Database\Seed.php(79): CodeIgniter\Database\Seeder->call('App\\Database\\Seeds\\UserSeeder')
 8 SYSTEMPATH\CLI\Commands.php(72): CodeIgniter\Commands\Database\Seed->run([])
 9 SYSTEMPATH\CLI\Console.php(47): CodeIgniter\CLI\Commands->run('db:seed', [...])
10 SYSTEMPATH\Boot.php(442): CodeIgniter\CLI\Console->run()
11 SYSTEMPATH\Boot.php(166): CodeIgniter\Boot::runCommand(Object(CodeIgniter\CLI\Console))
12 ROOTPATH\spark(87): CodeIgniter\Boot::bootSpark(Object(Config\Paths))
ERROR - 2026-06-19 02:11:54 --> Unknown column 'barang.kategori_id' in 'on clause'
in SYSTEMPATH\Database\MySQLi\Connection.php on line 300.
 1 SYSTEMPATH\Database\MySQLi\Connection.php(300): mysqli->query('SELECT `barang`.*, `kategori`.`nama_kategori`
FROM `barang`
JOIN `kategori` ON `kategori`.`id` = `barang`.`kategori_id`', 0)
 2 SYSTEMPATH\Database\BaseConnection.php(908): CodeIgniter\Database\MySQLi\Connection->execute('SELECT `barang`.*, `kategori`.`nama_kategori`
FROM `barang`
JOIN `kategori` ON `kategori`.`id` = `barang`.`kategori_id`')
 3 SYSTEMPATH\Database\BaseConnection.php(825): CodeIgniter\Database\BaseConnection->simpleQuery('SELECT `barang`.*, `kategori`.`nama_kategori`
FROM `barang`
JOIN `kategori` ON `kategori`.`id` = `barang`.`kategori_id`')
 4 SYSTEMPATH\Database\BaseBuilder.php(1647): CodeIgniter\Database\BaseConnection->query('SELECT `barang`.*, `kategori`.`nama_kategori`
FROM `barang`
JOIN `kategori` ON `kategori`.`id` = `barang`.`kategori_id`', [], false)
 5 SYSTEMPATH\Model.php(255): CodeIgniter\Database\BaseBuilder->get()
 6 SYSTEMPATH\BaseModel.php(676): CodeIgniter\Model->doFindAll(0, 0)
 7 APPPATH\Models\BarangModel.php(18): CodeIgniter\BaseModel->findAll()
 8 APPPATH\Controllers\Api\BarangController.php(21): App\Models\BarangModel->getBarangWithKategori()
 9 SYSTEMPATH\CodeIgniter.php(974): App\Controllers\Api\BarangController->index()
10 SYSTEMPATH\CodeIgniter.php(520): CodeIgniter\CodeIgniter->runController(Object(App\Controllers\Api\BarangController))
11 SYSTEMPATH\CodeIgniter.php(363): CodeIgniter\CodeIgniter->handleRequest(null, Object(Config\Cache), false)
12 SYSTEMPATH\Boot.php(417): CodeIgniter\CodeIgniter->run()
13 SYSTEMPATH\Boot.php(68): CodeIgniter\Boot::runCodeIgniter(Object(CodeIgniter\CodeIgniter))
14 FCPATH\index.php(59): CodeIgniter\Boot::bootWeb(Object(Config\Paths))
15 SYSTEMPATH\rewrite.php(44): require_once('C:\\xampp\\htdocs\\inventaris2_db\\backend-api\\public\\index.php')
CRITICAL - 2026-06-19 02:11:54 --> CodeIgniter\Database\Exceptions\DatabaseException: Unknown column 'barang.kategori_id' in 'on clause'
[Method: GET, Route: api/barang]
in SYSTEMPATH\Database\BaseConnection.php on line 863.
 1 SYSTEMPATH\Database\BaseBuilder.php(1647): CodeIgniter\Database\BaseConnection->query('SELECT `barang`.*, `kategori`.`nama_kategori`
FROM `barang`
JOIN `kategori` ON `kategori`.`id` = `barang`.`kategori_id`', [], false)
 2 SYSTEMPATH\Model.php(255): CodeIgniter\Database\BaseBuilder->get()
 3 SYSTEMPATH\BaseModel.php(676): CodeIgniter\Model->doFindAll(0, 0)
 4 APPPATH\Models\BarangModel.php(18): CodeIgniter\BaseModel->findAll()
 5 APPPATH\Controllers\Api\BarangController.php(21): App\Models\BarangModel->getBarangWithKategori()
 6 SYSTEMPATH\CodeIgniter.php(974): App\Controllers\Api\BarangController->index()
 7 SYSTEMPATH\CodeIgniter.php(520): CodeIgniter\CodeIgniter->runController(Object(App\Controllers\Api\BarangController))
 8 SYSTEMPATH\CodeIgniter.php(363): CodeIgniter\CodeIgniter->handleRequest(null, Object(Config\Cache), false)
 9 SYSTEMPATH\Boot.php(417): CodeIgniter\CodeIgniter->run()
10 SYSTEMPATH\Boot.php(68): CodeIgniter\Boot::runCodeIgniter(Object(CodeIgniter\CodeIgniter))
11 FCPATH\index.php(59): CodeIgniter\Boot::bootWeb(Object(Config\Paths))
12 SYSTEMPATH\rewrite.php(44): require_once('C:\\xampp\\htdocs\\inventaris2_db\\backend-api\\public\\index.php')
CRITICAL - 2026-06-19 02:11:54 --> [Caused by] CodeIgniter\Database\Exceptions\DatabaseException: Unknown column 'barang.kategori_id' in 'on clause'
in SYSTEMPATH\Database\MySQLi\Connection.php on line 310.
 1 SYSTEMPATH\Database\BaseConnection.php(908): CodeIgniter\Database\MySQLi\Connection->execute('SELECT `barang`.*, `kategori`.`nama_kategori`
FROM `barang`
JOIN `kategori` ON `kategori`.`id` = `barang`.`kategori_id`')
 2 SYSTEMPATH\Database\BaseConnection.php(825): CodeIgniter\Database\BaseConnection->simpleQuery('SELECT `barang`.*, `kategori`.`nama_kategori`
FROM `barang`
JOIN `kategori` ON `kategori`.`id` = `barang`.`kategori_id`')
 3 SYSTEMPATH\Database\BaseBuilder.php(1647): CodeIgniter\Database\BaseConnection->query('SELECT `barang`.*, `kategori`.`nama_kategori`
FROM `barang`
JOIN `kategori` ON `kategori`.`id` = `barang`.`kategori_id`', [], false)
 4 SYSTEMPATH\Model.php(255): CodeIgniter\Database\BaseBuilder->get()
 5 SYSTEMPATH\BaseModel.php(676): CodeIgniter\Model->doFindAll(0, 0)
 6 APPPATH\Models\BarangModel.php(18): CodeIgniter\BaseModel->findAll()
 7 APPPATH\Controllers\Api\BarangController.php(21): App\Models\BarangModel->getBarangWithKategori()
 8 SYSTEMPATH\CodeIgniter.php(974): App\Controllers\Api\BarangController->index()
 9 SYSTEMPATH\CodeIgniter.php(520): CodeIgniter\CodeIgniter->runController(Object(App\Controllers\Api\BarangController))
10 SYSTEMPATH\CodeIgniter.php(363): CodeIgniter\CodeIgniter->handleRequest(null, Object(Config\Cache), false)
11 SYSTEMPATH\Boot.php(417): CodeIgniter\CodeIgniter->run()
12 SYSTEMPATH\Boot.php(68): CodeIgniter\Boot::runCodeIgniter(Object(CodeIgniter\CodeIgniter))
13 FCPATH\index.php(59): CodeIgniter\Boot::bootWeb(Object(Config\Paths))
14 SYSTEMPATH\rewrite.php(44): require_once('C:\\xampp\\htdocs\\inventaris2_db\\backend-api\\public\\index.php')
CRITICAL - 2026-06-19 02:11:54 --> [Caused by] mysqli_sql_exception: Unknown column 'barang.kategori_id' in 'on clause'
in SYSTEMPATH\Database\MySQLi\Connection.php on line 300.
 1 SYSTEMPATH\Database\MySQLi\Connection.php(300): mysqli->query('SELECT `barang`.*, `kategori`.`nama_kategori`
FROM `barang`
JOIN `kategori` ON `kategori`.`id` = `barang`.`kategori_id`', 0)
 2 SYSTEMPATH\Database\BaseConnection.php(908): CodeIgniter\Database\MySQLi\Connection->execute('SELECT `barang`.*, `kategori`.`nama_kategori`
FROM `barang`
JOIN `kategori` ON `kategori`.`id` = `barang`.`kategori_id`')
 3 SYSTEMPATH\Database\BaseConnection.php(825): CodeIgniter\Database\BaseConnection->simpleQuery('SELECT `barang`.*, `kategori`.`nama_kategori`
FROM `barang`
JOIN `kategori` ON `kategori`.`id` = `barang`.`kategori_id`')
 4 SYSTEMPATH\Database\BaseBuilder.php(1647): CodeIgniter\Database\BaseConnection->query('SELECT `barang`.*, `kategori`.`nama_kategori`
FROM `barang`
JOIN `kategori` ON `kategori`.`id` = `barang`.`kategori_id`', [], false)
 5 SYSTEMPATH\Model.php(255): CodeIgniter\Database\BaseBuilder->get()
 6 SYSTEMPATH\BaseModel.php(676): CodeIgniter\Model->doFindAll(0, 0)
 7 APPPATH\Models\BarangModel.php(18): CodeIgniter\BaseModel->findAll()
 8 APPPATH\Controllers\Api\BarangController.php(21): App\Models\BarangModel->getBarangWithKategori()
 9 SYSTEMPATH\CodeIgniter.php(974): App\Controllers\Api\BarangController->index()
10 SYSTEMPATH\CodeIgniter.php(520): CodeIgniter\CodeIgniter->runController(Object(App\Controllers\Api\BarangController))
11 SYSTEMPATH\CodeIgniter.php(363): CodeIgniter\CodeIgniter->handleRequest(null, Object(Config\Cache), false)
12 SYSTEMPATH\Boot.php(417): CodeIgniter\CodeIgniter->run()
13 SYSTEMPATH\Boot.php(68): CodeIgniter\Boot::runCodeIgniter(Object(CodeIgniter\CodeIgniter))
14 FCPATH\index.php(59): CodeIgniter\Boot::bootWeb(Object(Config\Paths))
15 SYSTEMPATH\rewrite.php(44): require_once('C:\\xampp\\htdocs\\inventaris2_db\\backend-api\\public\\index.php')
